This file contains any messages produced by compilers while
running configure, to aid debugging if configure makes a mistake.

It was created by oflops configure 0.01, which was
generated by GNU Autoconf 2.69.  Invocation command line was

  $ ./configure --with-openflow-src-dir=/home/woo/mininet/openflow

## --------- ##
## Platform. ##
## --------- ##

hostname = woo-PI
uname -m = armv7l
uname -r = 4.1.18-v7+
uname -s = Linux
uname -v = #845 SMP Thu Feb 18 19:45:28 GMT 2016

/usr/bin/uname -p = unknown
/bin/uname -X     = unknown

/bin/arch              = unknown
/usr/bin/arch -k       = unknown
/usr/convex/getsysinfo = unknown
/usr/bin/hostinfo      = unknown
/bin/machine           = unknown
/usr/bin/oslevel       = unknown
/bin/universe          = unknown

PATH: /home/woo/bin
PATH: /usr/local/bin
PATH: /usr/local/sbin
PATH: /usr/local/bin
PATH: /usr/sbin
PATH: /usr/bin
PATH: /sbin
PATH: /bin
PATH: /usr/games
PATH: /usr/local/games


## ----------- ##
## Core tests. ##
## ----------- ##

configure:2310: checking for a BSD-compatible install
configure:2378: result: /usr/bin/install -c
configure:2389: checking whether build environment is sane
configure:2444: result: yes
configure:2595: checking for a thread-safe mkdir -p
configure:2634: result: /bin/mkdir -p
configure:2641: checking for gawk
configure:2657: found /usr/bin/gawk
configure:2668: result: gawk
configure:2679: checking whether make sets $(MAKE)
configure:2701: result: yes
configure:2730: checking whether make supports nested variables
configure:2747: result: yes
configure:2901: checking for /home/woo/mininet/openflow/include/openflow/openflow.h
configure:2915: result: yes
configure:2978: checking for gcc
configure:2994: found /usr/bin/gcc
configure:3005: result: gcc
configure:3234: checking for C compiler version
configure:3243: gcc --version >&5
gcc (Ubuntu 5.2.1-22ubuntu2) 5.2.1 20151010
Copyright (C) 2015 Free Software Foundation, Inc.
This is free software; see the source for copying conditions.  There is NO
warranty; not even for MERCHANTABILITY or FITNESS FOR A PARTICULAR PURPOSE.

configure:3254: $? = 0
configure:3243: gcc -v >&5
Using built-in specs.
COLLECT_GCC=gcc
COLLECT_LTO_WRAPPER=/usr/lib/gcc/arm-linux-gnueabihf/5/lto-wrapper
Target: arm-linux-gnueabihf
Configured with: ../src/configure -v --with-pkgversion='Ubuntu 5.2.1-22ubuntu2' --with-bugurl=file:///usr/share/doc/gcc-5/README.Bugs --enable-languages=c,ada,c++,java,go,d,fortran,objc,obj-c++ --prefix=/usr --program-suffix=-5 --enable-shared --enable-linker-build-id --libexecdir=/usr/lib --without-included-gettext --enable-threads=posix --libdir=/usr/lib --enable-nls --with-sysroot=/ --enable-clocale=gnu --enable-libstdcxx-debug --enable-libstdcxx-time=yes --with-default-libstdcxx-abi=new --enable-gnu-unique-object --disable-libitm --disable-libquadmath --enable-plugin --with-system-zlib --disable-browser-plugin --enable-java-awt=gtk --enable-gtk-cairo --with-java-home=/usr/lib/jvm/java-1.5.0-gcj-5-armhf/jre --enable-java-home --with-jvm-root-dir=/usr/lib/jvm/java-1.5.0-gcj-5-armhf --with-jvm-jar-dir=/usr/lib/jvm-exports/java-1.5.0-gcj-5-armhf --with-arch-directory=arm --with-ecj-jar=/usr/share/java/eclipse-ecj.jar --enable-objc-gc --enable-multiarch --enable-multilib --disable-sjlj-exceptions --with-arch=armv7-a --with-fpu=vfpv3-d16 --with-float=hard --with-mode=thumb --disable-werror --enable-multilib --enable-checking=release --build=arm-linux-gnueabihf --host=arm-linux-gnueabihf --target=arm-linux-gnueabihf
Thread model: posix
gcc version 5.2.1 20151010 (Ubuntu 5.2.1-22ubuntu2) 
configure:3254: $? = 0
configure:3243: gcc -V >&5
gcc: error: unrecognized command line option '-V'
gcc: fatal error: no input files
compilation terminated.
configure:3254: $? = 1
configure:3243: gcc -qversion >&5
gcc: error: unrecognized command line option '-qversion'
gcc: fatal error: no input files
compilation terminated.
configure:3254: $? = 1
configure:3274: checking whether the C compiler works
configure:3296: gcc    conftest.c  >&5
configure:3300: $? = 0
configure:3348: result: yes
configure:3351: checking for C compiler default output file name
configure:3353: result: a.out
configure:3359: checking for suffix of executables
configure:3366: gcc -o conftest    conftest.c  >&5
configure:3370: $? = 0
configure:3392: result: 
configure:3414: checking whether we are cross compiling
configure:3422: gcc -o conftest    conftest.c  >&5
configure:3426: $? = 0
configure:3433: ./conftest
configure:3437: $? = 0
configure:3452: result: no
configure:3457: checking for suffix of object files
configure:3479: gcc -c   conftest.c >&5
configure:3483: $? = 0
configure:3504: result: o
configure:3508: checking whether we are using the GNU C compiler
configure:3527: gcc -c   conftest.c >&5
configure:3527: $? = 0
configure:3536: result: yes
configure:3545: checking whether gcc accepts -g
configure:3565: gcc -c -g  conftest.c >&5
configure:3565: $? = 0
configure:3606: result: yes
configure:3623: checking for gcc option to accept ISO C89
configure:3686: gcc  -c -g -O2  conftest.c >&5
configure:3686: $? = 0
configure:3699: result: none needed
configure:3724: checking whether gcc understands -c and -o together
configure:3746: gcc -c conftest.c -o conftest2.o
configure:3749: $? = 0
configure:3746: gcc -c conftest.c -o conftest2.o
configure:3749: $? = 0
configure:3761: result: yes
configure:3789: checking for style of include used by make
configure:3817: result: GNU
configure:3843: checking dependency style of gcc
configure:3954: result: gcc3
configure:3974: checking for gawk
configure:4001: result: gawk
configure:4017: checking how to run the C preprocessor
configure:4048: gcc -E  conftest.c
configure:4048: $? = 0
configure:4062: gcc -E  conftest.c
conftest.c:11:28: fatal error: ac_nonexistent.h: No such file or directory
compilation terminated.
configure:4062: $? = 1
configure: failed program was:
| /* confdefs.h */
| #define PACKAGE_NAME "oflops"
| #define PACKAGE_TARNAME "oflops"
| #define PACKAGE_VERSION "0.01"
| #define PACKAGE_STRING "oflops 0.01"
| #define PACKAGE_BUGREPORT "rob.sherwood@stanford.edu"
| #define PACKAGE_URL ""
| #define PACKAGE "oflops"
| #define VERSION "0.01"
| /* end confdefs.h.  */
| #include <ac_nonexistent.h>
configure:4087: result: gcc -E
configure:4107: gcc -E  conftest.c
configure:4107: $? = 0
configure:4121: gcc -E  conftest.c
conftest.c:11:28: fatal error: ac_nonexistent.h: No such file or directory
compilation terminated.
configure:4121: $? = 1
configure: failed program was:
| /* confdefs.h */
| #define PACKAGE_NAME "oflops"
| #define PACKAGE_TARNAME "oflops"
| #define PACKAGE_VERSION "0.01"
| #define PACKAGE_STRING "oflops 0.01"
| #define PACKAGE_BUGREPORT "rob.sherwood@stanford.edu"
| #define PACKAGE_URL ""
| #define PACKAGE "oflops"
| #define VERSION "0.01"
| /* end confdefs.h.  */
| #include <ac_nonexistent.h>
configure:4178: checking build system type
configure:4192: result: armv7l-unknown-linux-gnueabihf
configure:4212: checking host system type
configure:4225: result: armv7l-unknown-linux-gnueabihf
configure:4266: checking how to print strings
configure:4293: result: printf
configure:4314: checking for a sed that does not truncate output
configure:4378: result: /bin/sed
configure:4396: checking for grep that handles long lines and -e
configure:4454: result: /bin/grep
configure:4459: checking for egrep
configure:4521: result: /bin/grep -E
configure:4526: checking for fgrep
configure:4588: result: /bin/grep -F
configure:4623: checking for ld used by gcc
configure:4690: result: /usr/bin/ld
configure:4697: checking if the linker (/usr/bin/ld) is GNU ld
configure:4712: result: yes
configure:4724: checking for BSD- or MS-compatible name lister (nm)
configure:4773: result: /usr/bin/nm -B
configure:4903: checking the name lister (/usr/bin/nm -B) interface
configure:4910: gcc -c -g -O2  conftest.c >&5
configure:4913: /usr/bin/nm -B "conftest.o"
configure:4916: output
00000000 B some_variable
configure:4923: result: BSD nm
configure:4926: checking whether ln -s works
configure:4930: result: yes
configure:4938: checking the maximum length of command line arguments
configure:5069: result: 1572864
configure:5086: checking whether the shell understands some XSI constructs
configure:5096: result: yes
configure:5100: checking whether the shell understands "+="
configure:5106: result: yes
configure:5141: checking how to convert armv7l-unknown-linux-gnueabihf file names to armv7l-unknown-linux-gnueabihf format
configure:5181: result: func_convert_file_noop
configure:5188: checking how to convert armv7l-unknown-linux-gnueabihf file names to toolchain format
configure:5208: result: func_convert_file_noop
configure:5215: checking for /usr/bin/ld option to reload object files
configure:5222: result: -r
configure:5296: checking for objdump
configure:5312: found /usr/bin/objdump
configure:5323: result: objdump
configure:5355: checking how to recognize dependent libraries
configure:5553: result: pass_all
configure:5638: checking for dlltool
configure:5668: result: no
configure:5698: checking how to associate runtime and link libraries
configure:5725: result: printf %s\n
configure:5786: checking for ar
configure:5802: found /usr/bin/ar
configure:5813: result: ar
configure:5850: checking for archiver @FILE support
configure:5867: gcc -c -g -O2  conftest.c >&5
configure:5867: $? = 0
configure:5870: ar cru libconftest.a @conftest.lst >&5
ar: `u' modifier ignored since `D' is the default (see `U')
configure:5873: $? = 0
configure:5878: ar cru libconftest.a @conftest.lst >&5
ar: `u' modifier ignored since `D' is the default (see `U')
ar: conftest.o: No such file or directory
configure:5881: $? = 1
configure:5893: result: @
configure:5951: checking for strip
configure:5967: found /usr/bin/strip
configure:5978: result: strip
configure:6050: checking for ranlib
configure:6066: found /usr/bin/ranlib
configure:6077: result: ranlib
configure:6179: checking command to parse /usr/bin/nm -B output from gcc object
configure:6299: gcc -c -g -O2  conftest.c >&5
configure:6302: $? = 0
configure:6306: /usr/bin/nm -B conftest.o \| sed -n -e 's/^.*[ ]\([ABCDGIRSTW][ABCDGIRSTW]*\)[ ][ ]*\([_A-Za-z][_A-Za-z0-9]*\)$/\1 \2 \2/p' | sed '/ __gnu_lto/d' \> conftest.nm
configure:6309: $? = 0
configure:6375: gcc -o conftest -g -O2   conftest.c conftstm.o >&5
configure:6378: $? = 0
configure:6416: result: ok
configure:6453: checking for sysroot
configure:6483: result: no
configure:6752: checking for mt
configure:6768: found /bin/mt
configure:6779: result: mt
configure:6802: checking if mt is a manifest tool
configure:6808: mt '-?'
configure:6816: result: no
configure:7454: checking for ANSI C header files
configure:7474: gcc -c -g -O2  conftest.c >&5
configure:7474: $? = 0
configure:7547: gcc -o conftest -g -O2   conftest.c  >&5
configure:7547: $? = 0
configure:7547: ./conftest
configure:7547: $? = 0
configure:7558: result: yes
configure:7571: checking for sys/types.h
configure:7571: gcc -c -g -O2  conftest.c >&5
configure:7571: $? = 0
configure:7571: result: yes
configure:7571: checking for sys/stat.h
configure:7571: gcc -c -g -O2  conftest.c >&5
configure:7571: $? = 0
configure:7571: result: yes
configure:7571: checking for stdlib.h
configure:7571: gcc -c -g -O2  conftest.c >&5
configure:7571: $? = 0
configure:7571: result: yes
configure:7571: checking for string.h
configure:7571: gcc -c -g -O2  conftest.c >&5
configure:7571: $? = 0
configure:7571: result: yes
configure:7571: checking for memory.h
configure:7571: gcc -c -g -O2  conftest.c >&5
configure:7571: $? = 0
configure:7571: result: yes
configure:7571: checking for strings.h
configure:7571: gcc -c -g -O2  conftest.c >&5
configure:7571: $? = 0
configure:7571: result: yes
configure:7571: checking for inttypes.h
configure:7571: gcc -c -g -O2  conftest.c >&5
configure:7571: $? = 0
configure:7571: result: yes
configure:7571: checking for stdint.h
configure:7571: gcc -c -g -O2  conftest.c >&5
configure:7571: $? = 0
configure:7571: result: yes
configure:7571: checking for unistd.h
configure:7571: gcc -c -g -O2  conftest.c >&5
configure:7571: $? = 0
configure:7571: result: yes
configure:7585: checking for dlfcn.h
configure:7585: gcc -c -g -O2  conftest.c >&5
configure:7585: $? = 0
configure:7585: result: yes
configure:7791: checking for objdir
configure:7806: result: .libs
configure:8073: checking if gcc supports -fno-rtti -fno-exceptions
configure:8091: gcc -c -g -O2  -fno-rtti -fno-exceptions conftest.c >&5
cc1: warning: command line option '-fno-rtti' is valid for C++/ObjC++ but not for C
configure:8095: $? = 0
configure:8108: result: no
configure:8435: checking for gcc option to produce PIC
configure:8442: result: -fPIC -DPIC
configure:8450: checking if gcc PIC flag -fPIC -DPIC works
configure:8468: gcc -c -g -O2  -fPIC -DPIC -DPIC conftest.c >&5
configure:8472: $? = 0
configure:8485: result: yes
configure:8514: checking if gcc static flag -static works
configure:8542: result: yes
configure:8557: checking if gcc supports -c -o file.o
configure:8578: gcc -c -g -O2  -o out/conftest2.o conftest.c >&5
configure:8582: $? = 0
configure:8604: result: yes
configure:8612: checking if gcc supports -c -o file.o
configure:8659: result: yes
configure:8692: checking whether the gcc linker (/usr/bin/ld) supports shared libraries
configure:9849: result: yes
configure:9886: checking whether -lc should be explicitly linked in
configure:9894: gcc -c -g -O2  conftest.c >&5
configure:9897: $? = 0
configure:9912: gcc -shared  -fPIC -DPIC conftest.o  -v -Wl,-soname -Wl,conftest -o conftest 2\>\&1 \| /bin/grep  -lc  \>/dev/null 2\>\&1
configure:9915: $? = 0
configure:9929: result: no
configure:10089: checking dynamic linker characteristics
configure:10589: gcc -o conftest -g -O2   -Wl,-rpath -Wl,/foo conftest.c  >&5
configure:10589: $? = 0
configure:10823: result: GNU/Linux ld.so
configure:10930: checking how to hardcode library paths into programs
configure:10955: result: immediate
configure:11495: checking whether stripping libraries is possible
configure:11500: result: yes
configure:11535: checking if libtool supports shared libraries
configure:11537: result: yes
configure:11540: checking whether to build shared libraries
configure:11561: result: yes
configure:11564: checking whether to build static libraries
configure:11568: result: yes
configure:11610: checking for doxygen
configure:11643: result: no
configure:11649: WARNING: cannot find doxygen. Will not build source documentation
configure:11666: checking config.h usability
configure:11666: gcc -c -g -O2  conftest.c >&5
conftest.c:56:20: fatal error: config.h: No such file or directory
compilation terminated.
configure:11666: $? = 1
configure: failed program was:
| /* confdefs.h */
| #define PACKAGE_NAME "oflops"
| #define PACKAGE_TARNAME "oflops"
| #define PACKAGE_VERSION "0.01"
| #define PACKAGE_STRING "oflops 0.01"
| #define PACKAGE_BUGREPORT "rob.sherwood@stanford.edu"
| #define PACKAGE_URL ""
| #define PACKAGE "oflops"
| #define VERSION "0.01"
| #define STDC_HEADERS 1
| #define HAVE_SYS_TYPES_H 1
| #define HAVE_SYS_STAT_H 1
| #define HAVE_STDLIB_H 1
| #define HAVE_STRING_H 1
| #define HAVE_MEMORY_H 1
| #define HAVE_STRINGS_H 1
| #define HAVE_INTTYPES_H 1
| #define HAVE_STDINT_H 1
| #define HAVE_UNISTD_H 1
| #define HAVE_DLFCN_H 1
| #define LT_OBJDIR ".libs/"
| /* end confdefs.h.  */
| #include <stdio.h>
| #ifdef HAVE_SYS_TYPES_H
| # include <sys/types.h>
| #endif
| #ifdef HAVE_SYS_STAT_H
| # include <sys/stat.h>
| #endif
| #ifdef STDC_HEADERS
| # include <stdlib.h>
| # include <stddef.h>
| #else
| # ifdef HAVE_STDLIB_H
| #  include <stdlib.h>
| # endif
| #endif
| #ifdef HAVE_STRING_H
| # if !defined STDC_HEADERS && defined HAVE_MEMORY_H
| #  include <memory.h>
| # endif
| # include <string.h>
| #endif
| #ifdef HAVE_STRINGS_H
| # include <strings.h>
| #endif
| #ifdef HAVE_INTTYPES_H
| # include <inttypes.h>
| #endif
| #ifdef HAVE_STDINT_H
| # include <stdint.h>
| #endif
| #ifdef HAVE_UNISTD_H
| # include <unistd.h>
| #endif
| #include <config.h>
configure:11666: result: no
configure:11666: checking config.h presence
configure:11666: gcc -E  conftest.c
conftest.c:23:20: fatal error: config.h: No such file or directory
compilation terminated.
configure:11666: $? = 1
configure: failed program was:
| /* confdefs.h */
| #define PACKAGE_NAME "oflops"
| #define PACKAGE_TARNAME "oflops"
| #define PACKAGE_VERSION "0.01"
| #define PACKAGE_STRING "oflops 0.01"
| #define PACKAGE_BUGREPORT "rob.sherwood@stanford.edu"
| #define PACKAGE_URL ""
| #define PACKAGE "oflops"
| #define VERSION "0.01"
| #define STDC_HEADERS 1
| #define HAVE_SYS_TYPES_H 1
| #define HAVE_SYS_STAT_H 1
| #define HAVE_STDLIB_H 1
| #define HAVE_STRING_H 1
| #define HAVE_MEMORY_H 1
| #define HAVE_STRINGS_H 1
| #define HAVE_INTTYPES_H 1
| #define HAVE_STDINT_H 1
| #define HAVE_UNISTD_H 1
| #define HAVE_DLFCN_H 1
| #define LT_OBJDIR ".libs/"
| /* end confdefs.h.  */
| #include <config.h>
configure:11666: result: no
configure:11666: checking for config.h
configure:11666: result: no
configure:11666: checking net/bpf.h usability
configure:11666: gcc -c -g -O2  conftest.c >&5
conftest.c:56:21: fatal error: net/bpf.h: No such file or directory
compilation terminated.
configure:11666: $? = 1
configure: failed program was:
| /* confdefs.h */
| #define PACKAGE_NAME "oflops"
| #define PACKAGE_TARNAME "oflops"
| #define PACKAGE_VERSION "0.01"
| #define PACKAGE_STRING "oflops 0.01"
| #define PACKAGE_BUGREPORT "rob.sherwood@stanford.edu"
| #define PACKAGE_URL ""
| #define PACKAGE "oflops"
| #define VERSION "0.01"
| #define STDC_HEADERS 1
| #define HAVE_SYS_TYPES_H 1
| #define HAVE_SYS_STAT_H 1
| #define HAVE_STDLIB_H 1
| #define HAVE_STRING_H 1
| #define HAVE_MEMORY_H 1
| #define HAVE_STRINGS_H 1
| #define HAVE_INTTYPES_H 1
| #define HAVE_STDINT_H 1
| #define HAVE_UNISTD_H 1
| #define HAVE_DLFCN_H 1
| #define LT_OBJDIR ".libs/"
| /* end confdefs.h.  */
| #include <stdio.h>
| #ifdef HAVE_SYS_TYPES_H
| # include <sys/types.h>
| #endif
| #ifdef HAVE_SYS_STAT_H
| # include <sys/stat.h>
| #endif
| #ifdef STDC_HEADERS
| # include <stdlib.h>
| # include <stddef.h>
| #else
| # ifdef HAVE_STDLIB_H
| #  include <stdlib.h>
| # endif
| #endif
| #ifdef HAVE_STRING_H
| # if !defined STDC_HEADERS && defined HAVE_MEMORY_H
| #  include <memory.h>
| # endif
| # include <string.h>
| #endif
| #ifdef HAVE_STRINGS_H
| # include <strings.h>
| #endif
| #ifdef HAVE_INTTYPES_H
| # include <inttypes.h>
| #endif
| #ifdef HAVE_STDINT_H
| # include <stdint.h>
| #endif
| #ifdef HAVE_UNISTD_H
| # include <unistd.h>
| #endif
| #include <net/bpf.h>
configure:11666: result: no
configure:11666: checking net/bpf.h presence
configure:11666: gcc -E  conftest.c
conftest.c:23:21: fatal error: net/bpf.h: No such file or directory
compilation terminated.
configure:11666: $? = 1
configure: failed program was:
| /* confdefs.h */
| #define PACKAGE_NAME "oflops"
| #define PACKAGE_TARNAME "oflops"
| #define PACKAGE_VERSION "0.01"
| #define PACKAGE_STRING "oflops 0.01"
| #define PACKAGE_BUGREPORT "rob.sherwood@stanford.edu"
| #define PACKAGE_URL ""
| #define PACKAGE "oflops"
| #define VERSION "0.01"
| #define STDC_HEADERS 1
| #define HAVE_SYS_TYPES_H 1
| #define HAVE_SYS_STAT_H 1
| #define HAVE_STDLIB_H 1
| #define HAVE_STRING_H 1
| #define HAVE_MEMORY_H 1
| #define HAVE_STRINGS_H 1
| #define HAVE_INTTYPES_H 1
| #define HAVE_STDINT_H 1
| #define HAVE_UNISTD_H 1
| #define HAVE_DLFCN_H 1
| #define LT_OBJDIR ".libs/"
| /* end confdefs.h.  */
| #include <net/bpf.h>
configure:11666: result: no
configure:11666: checking for net/bpf.h
configure:11666: result: no
configure:11680: checking net-snmp/net-snmp-config.h usability
configure:11680: gcc -c -g -O2  conftest.c >&5
configure:11680: $? = 0
configure:11680: result: yes
configure:11680: checking net-snmp/net-snmp-config.h presence
configure:11680: gcc -E  conftest.c
configure:11680: $? = 0
configure:11680: result: yes
configure:11680: checking for net-snmp/net-snmp-config.h
configure:11680: result: yes
configure:11696: checking for net-snmp/net-snmp-includes.h
configure:11696: gcc -c -g -O2  conftest.c >&5
configure:11696: $? = 0
configure:11696: result: yes
configure:11780: checking for stdbool.h that conforms to C99
configure:11847: gcc -c -g -O2  conftest.c >&5
configure:11847: $? = 0
configure:11854: result: yes
configure:11856: checking for _Bool
configure:11856: gcc -c -g -O2  conftest.c >&5
configure:11856: $? = 0
configure:11856: gcc -c -g -O2  conftest.c >&5
conftest.c: In function 'main':
conftest.c:63:20: error: expected expression before ')' token
 if (sizeof ((_Bool)))
                    ^
configure:11856: $? = 1
configure: failed program was:
| /* confdefs.h */
| #define PACKAGE_NAME "oflops"
| #define PACKAGE_TARNAME "oflops"
| #define PACKAGE_VERSION "0.01"
| #define PACKAGE_STRING "oflops 0.01"
| #define PACKAGE_BUGREPORT "rob.sherwood@stanford.edu"
| #define PACKAGE_URL ""
| #define PACKAGE "oflops"
| #define VERSION "0.01"
| #define STDC_HEADERS 1
| #define HAVE_SYS_TYPES_H 1
| #define HAVE_SYS_STAT_H 1
| #define HAVE_STDLIB_H 1
| #define HAVE_STRING_H 1
| #define HAVE_MEMORY_H 1
| #define HAVE_STRINGS_H 1
| #define HAVE_INTTYPES_H 1
| #define HAVE_STDINT_H 1
| #define HAVE_UNISTD_H 1
| #define HAVE_DLFCN_H 1
| #define LT_OBJDIR ".libs/"
| #define HAVE_NET_SNMP_NET_SNMP_CONFIG_H 1
| #define HAVE_NET_SNMP_NET_SNMP_INCLUDES_H 1
| #define HAVE_OFP_FLOW_REMOVED /**/
| #define OFPT_FLOW_EXPIRED OFPT_FLOW_REMOVED
| /* end confdefs.h.  */
| #include <stdio.h>
| #ifdef HAVE_SYS_TYPES_H
| # include <sys/types.h>
| #endif
| #ifdef HAVE_SYS_STAT_H
| # include <sys/stat.h>
| #endif
| #ifdef STDC_HEADERS
| # include <stdlib.h>
| # include <stddef.h>
| #else
| # ifdef HAVE_STDLIB_H
| #  include <stdlib.h>
| # endif
| #endif
| #ifdef HAVE_STRING_H
| # if !defined STDC_HEADERS && defined HAVE_MEMORY_H
| #  include <memory.h>
| # endif
| # include <string.h>
| #endif
| #ifdef HAVE_STRINGS_H
| # include <strings.h>
| #endif
| #ifdef HAVE_INTTYPES_H
| # include <inttypes.h>
| #endif
| #ifdef HAVE_STDINT_H
| # include <stdint.h>
| #endif
| #ifdef HAVE_UNISTD_H
| # include <unistd.h>
| #endif
| int
| main ()
| {
| if (sizeof ((_Bool)))
| 	    return 0;
|   ;
|   return 0;
| }
configure:11856: result: yes
configure:11877: checking for strerror
configure:11877: gcc -o conftest -g -O2   conftest.c  >&5
configure:11877: $? = 0
configure:11877: result: yes
configure:12000: checking that generated files are newer than configure
configure:12006: result: done
configure:12033: creating ./config.status

## ---------------------- ##
## Running config.status. ##
## ---------------------- ##

This file was extended by oflops config.status 0.01, which was
generated by GNU Autoconf 2.69.  Invocation command line was

  CONFIG_FILES    = 
  CONFIG_HEADERS  = 
  CONFIG_LINKS    = 
  CONFIG_COMMANDS = 
  $ ./config.status 

on woo-PI

config.status:1102: creating Makefile
config.status:1102: creating doc/doxygen.conf
config.status:1102: creating cbench/Makefile
config.status:1102: creating example_modules/Makefile
config.status:1102: creating example_modules/oflops_debug/Makefile
config.status:1102: creating example_modules/openflow_action_install/Makefile
config.status:1102: creating example_modules/openflow_action_measurement/Makefile
config.status:1102: creating example_modules/openflow_path_delay/Makefile
config.status:1102: creating example_modules/openflow_flow_dump_test/Makefile
config.status:1102: creating example_modules/openflow_packet_in/Makefile
config.status:1102: creating example_modules/openflow_port_status/Makefile
config.status:1102: creating example_modules/snmp_cpu/Makefile
config.status:1102: creating config.h
config.status:1331: executing depfiles commands
config.status:1331: executing libtool commands

## ---------------- ##
## Cache variables. ##
## ---------------- ##

ac_cv_build=armv7l-unknown-linux-gnueabihf
ac_cv_c_compiler_gnu=yes
ac_cv_env_CC_set=
ac_cv_env_CC_value=
ac_cv_env_CFLAGS_set=
ac_cv_env_CFLAGS_value=
ac_cv_env_CPPFLAGS_set=
ac_cv_env_CPPFLAGS_value=
ac_cv_env_CPP_set=
ac_cv_env_CPP_value=
ac_cv_env_LDFLAGS_set=
ac_cv_env_LDFLAGS_value=
ac_cv_env_LIBS_set=
ac_cv_env_LIBS_value=
ac_cv_env_build_alias_set=
ac_cv_env_build_alias_value=
ac_cv_env_host_alias_set=
ac_cv_env_host_alias_value=
ac_cv_env_target_alias_set=
ac_cv_env_target_alias_value=
ac_cv_file__home_woo_mininet_openflow_include_openflow_openflow_h=yes
ac_cv_func_strerror=yes
ac_cv_header_config_h=no
ac_cv_header_dlfcn_h=yes
ac_cv_header_inttypes_h=yes
ac_cv_header_memory_h=yes
ac_cv_header_net_bpf_h=no
ac_cv_header_net_snmp_net_snmp_config_h=yes
ac_cv_header_net_snmp_net_snmp_includes_h=yes
ac_cv_header_stdbool_h=yes
ac_cv_header_stdc=yes
ac_cv_header_stdint_h=yes
ac_cv_header_stdlib_h=yes
ac_cv_header_string_h=yes
ac_cv_header_strings_h=yes
ac_cv_header_sys_stat_h=yes
ac_cv_header_sys_types_h=yes
ac_cv_header_unistd_h=yes
ac_cv_host=armv7l-unknown-linux-gnueabihf
ac_cv_objext=o
ac_cv_path_EGREP='/bin/grep -E'
ac_cv_path_FGREP='/bin/grep -F'
ac_cv_path_GREP=/bin/grep
ac_cv_path_SED=/bin/sed
ac_cv_path_install='/usr/bin/install -c'
ac_cv_path_mkdir=/bin/mkdir
ac_cv_prog_AWK=gawk
ac_cv_prog_CPP='gcc -E'
ac_cv_prog_ac_ct_AR=ar
ac_cv_prog_ac_ct_CC=gcc
ac_cv_prog_ac_ct_MANIFEST_TOOL=mt
ac_cv_prog_ac_ct_OBJDUMP=objdump
ac_cv_prog_ac_ct_RANLIB=ranlib
ac_cv_prog_ac_ct_STRIP=strip
ac_cv_prog_cc_c89=
ac_cv_prog_cc_g=yes
ac_cv_prog_make_make_set=yes
ac_cv_type__Bool=yes
am_cv_CC_dependencies_compiler_type=gcc3
am_cv_make_support_nested_variables=yes
am_cv_prog_cc_c_o=yes
lt_cv_ar_at_file=@
lt_cv_archive_cmds_need_lc=no
lt_cv_deplibs_check_method=pass_all
lt_cv_file_magic_cmd='$MAGIC_CMD'
lt_cv_file_magic_test_file=
lt_cv_ld_reload_flag=-r
lt_cv_nm_interface='BSD nm'
lt_cv_objdir=.libs
lt_cv_path_LD=/usr/bin/ld
lt_cv_path_NM='/usr/bin/nm -B'
lt_cv_path_mainfest_tool=no
lt_cv_prog_compiler_c_o=yes
lt_cv_prog_compiler_pic='-fPIC -DPIC'
lt_cv_prog_compiler_pic_works=yes
lt_cv_prog_compiler_rtti_exceptions=no
lt_cv_prog_compiler_static_works=yes
lt_cv_prog_gnu_ld=yes
lt_cv_sharedlib_from_linklib_cmd='printf %s\n'
lt_cv_shlibpath_overrides_runpath=no
lt_cv_sys_global_symbol_pipe='sed -n -e '\''s/^.*[	 ]\([ABCDGIRSTW][ABCDGIRSTW]*\)[	 ][	 ]*\([_A-Za-z][_A-Za-z0-9]*\)$/\1 \2 \2/p'\'' | sed '\''/ __gnu_lto/d'\'''
lt_cv_sys_global_symbol_to_c_name_address='sed -n -e '\''s/^: \([^ ]*\)[ ]*$/  {\"\1\", (void *) 0},/p'\'' -e '\''s/^[ABCDGIRSTW]* \([^ ]*\) \([^ ]*\)$/  {"\2", (void *) \&\2},/p'\'''
lt_cv_sys_global_symbol_to_c_name_address_lib_prefix='sed -n -e '\''s/^: \([^ ]*\)[ ]*$/  {\"\1\", (void *) 0},/p'\'' -e '\''s/^[ABCDGIRSTW]* \([^ ]*\) \(lib[^ ]*\)$/  {"\2", (void *) \&\2},/p'\'' -e '\''s/^[ABCDGIRSTW]* \([^ ]*\) \([^ ]*\)$/  {"lib\2", (void *) \&\2},/p'\'''
lt_cv_sys_global_symbol_to_cdecl='sed -n -e '\''s/^T .* \(.*\)$/extern int \1();/p'\'' -e '\''s/^[ABCDGIRSTW]* .* \(.*\)$/extern char \1;/p'\'''
lt_cv_sys_max_cmd_len=1572864
lt_cv_to_host_file_cmd=func_convert_file_noop
lt_cv_to_tool_file_cmd=func_convert_file_noop

## ----------------- ##
## Output variables. ##
## ----------------- ##

ACLOCAL='${SHELL} /home/woo/mininet/oflops/missing aclocal-1.15'
AMDEPBACKSLASH='\'
AMDEP_FALSE='#'
AMDEP_TRUE=''
AMTAR='$${TAR-tar}'
AM_BACKSLASH='\'
AM_DEFAULT_V='$(AM_DEFAULT_VERBOSITY)'
AM_DEFAULT_VERBOSITY='1'
AM_V='$(V)'
AR='ar'
AUTOCONF='${SHELL} /home/woo/mininet/oflops/missing autoconf'
AUTOHEADER='${SHELL} /home/woo/mininet/oflops/missing autoheader'
AUTOMAKE='${SHELL} /home/woo/mininet/oflops/missing automake-1.15'
AWK='gawk'
CC='gcc'
CCDEPMODE='depmode=gcc3'
CFLAGS='-g -O2'
CPP='gcc -E'
CPPFLAGS=''
CYGPATH_W='echo'
DEFS='-DHAVE_CONFIG_H'
DEPDIR='.deps'
DLLTOOL='false'
DOXYGEN=''
DSYMUTIL=''
DUMPBIN=''
ECHO_C=''
ECHO_N='-n'
ECHO_T=''
EGREP='/bin/grep -E'
EXEEXT=''
FGREP='/bin/grep -F'
GREP='/bin/grep'
HAVE_DOXYGEN_FALSE=''
HAVE_DOXYGEN_TRUE='#'
INSTALL_DATA='${INSTALL} -m 644'
INSTALL_PROGRAM='${INSTALL}'
INSTALL_SCRIPT='${INSTALL}'
INSTALL_STRIP_PROGRAM='$(install_sh) -c -s'
LD='/usr/bin/ld'
LDFLAGS=''
LIBOBJS=''
LIBS=''
LIBTOOL='$(SHELL) $(top_builddir)/libtool'
LIPO=''
LN_S='ln -s'
LTLIBOBJS=''
MAKEINFO='${SHELL} /home/woo/mininet/oflops/missing makeinfo'
MANIFEST_TOOL=':'
MKDIR_P='/bin/mkdir -p'
NM='/usr/bin/nm -B'
NMEDIT=''
OBJDUMP='objdump'
OBJEXT='o'
OTOOL64=''
OTOOL=''
PACKAGE='oflops'
PACKAGE_BUGREPORT='rob.sherwood@stanford.edu'
PACKAGE_NAME='oflops'
PACKAGE_STRING='oflops 0.01'
PACKAGE_TARNAME='oflops'
PACKAGE_URL=''
PACKAGE_VERSION='0.01'
PATH_SEPARATOR=':'
RANLIB='ranlib'
SED='/bin/sed'
SET_MAKE=''
SHELL='/bin/bash'
STRIP='strip'
VERSION='0.01'
ac_ct_AR='ar'
ac_ct_CC='gcc'
ac_ct_DUMPBIN=''
am__EXEEXT_FALSE=''
am__EXEEXT_TRUE='#'
am__fastdepCC_FALSE='#'
am__fastdepCC_TRUE=''
am__include='include'
am__isrc=''
am__leading_dot='.'
am__nodep='_no'
am__quote=''
am__tar='$${TAR-tar} chof - "$$tardir"'
am__untar='$${TAR-tar} xf -'
bindir='${exec_prefix}/bin'
build='armv7l-unknown-linux-gnueabihf'
build_alias=''
build_cpu='armv7l'
build_os='linux-gnueabihf'
build_vendor='unknown'
datadir='${datarootdir}'
datarootdir='${prefix}/share'
docdir='${datarootdir}/doc/${PACKAGE_TARNAME}'
dvidir='${docdir}'
exec_prefix='${prefix}'
host='armv7l-unknown-linux-gnueabihf'
host_alias=''
host_cpu='armv7l'
host_os='linux-gnueabihf'
host_vendor='unknown'
htmldir='${docdir}'
includedir='${prefix}/include'
infodir='${datarootdir}/info'
install_sh='${SHELL} /home/woo/mininet/oflops/install-sh'
libdir='${exec_prefix}/lib'
libexecdir='${exec_prefix}/libexec'
localedir='${datarootdir}/locale'
localstatedir='${prefix}/var'
mandir='${datarootdir}/man'
mkdir_p='$(MKDIR_P)'
oldincludedir='/usr/include'
openflowsrc='/home/woo/mininet/openflow'
pdfdir='${docdir}'
prefix='/usr/local'
program_transform_name='s,x,x,'
psdir='${docdir}'
sbindir='${exec_prefix}/sbin'
sharedstatedir='${prefix}/com'
sysconfdir='${prefix}/etc'
target_alias=''

## ----------- ##
## confdefs.h. ##
## ----------- ##

/* confdefs.h */
#define PACKAGE_NAME "oflops"
#define PACKAGE_TARNAME "oflops"
#define PACKAGE_VERSION "0.01"
#define PACKAGE_STRING "oflops 0.01"
#define PACKAGE_BUGREPORT "rob.sherwood@stanford.edu"
#define PACKAGE_URL ""
#define PACKAGE "oflops"
#define VERSION "0.01"
#define STDC_HEADERS 1
#define HAVE_SYS_TYPES_H 1
#define HAVE_SYS_STAT_H 1
#define HAVE_STDLIB_H 1
#define HAVE_STRING_H 1
#define HAVE_MEMORY_H 1
#define HAVE_STRINGS_H 1
#define HAVE_INTTYPES_H 1
#define HAVE_STDINT_H 1
#define HAVE_UNISTD_H 1
#define HAVE_DLFCN_H 1
#define LT_OBJDIR ".libs/"
#define HAVE_NET_SNMP_NET_SNMP_CONFIG_H 1
#define HAVE_NET_SNMP_NET_SNMP_INCLUDES_H 1
#define HAVE_OFP_FLOW_REMOVED /**/
#define OFPT_FLOW_EXPIRED OFPT_FLOW_REMOVED
#define HAVE__BOOL 1
#define HAVE_STDBOOL_H 1
#define HAVE_STRERROR 1

configure: exit 0
