This file contains any messages produced by compilers while
running configure, to aid debugging if configure makes a mistake.

It was created by openflow configure 1.0.0, which was
generated by GNU Autoconf 2.69.  Invocation command line was

  $ ./configure 

## --------- ##
## Platform. ##
## --------- ##

hostname = woo-PI
uname -m = armv7l
uname -r = 4.1.18-v7+
uname -s = Linux
uname -v = #845 SMP Thu Feb 18 19:45:28 GMT 2016

/usr/bin/uname -p = unknown
/bin/uname -X     = unknown

/bin/arch              = unknown
/usr/bin/arch -k       = unknown
/usr/convex/getsysinfo = unknown
/usr/bin/hostinfo      = unknown
/bin/machine           = unknown
/usr/bin/oslevel       = unknown
/bin/universe          = unknown

PATH: /home/woo/bin
PATH: /usr/local/bin
PATH: /usr/local/sbin
PATH: /usr/local/bin
PATH: /usr/sbin
PATH: /usr/bin
PATH: /sbin
PATH: /bin
PATH: /usr/games
PATH: /usr/local/games


## ----------- ##
## Core tests. ##
## ----------- ##

configure:2230: checking build number
configure:2246: result: none
configure:2308: checking for a BSD-compatible install
configure:2376: result: /usr/bin/install -c
configure:2387: checking whether build environment is sane
configure:2442: result: yes
configure:2593: checking for a thread-safe mkdir -p
configure:2632: result: /bin/mkdir -p
configure:2639: checking for gawk
configure:2655: found /usr/bin/gawk
configure:2666: result: gawk
configure:2677: checking whether make sets $(MAKE)
configure:2699: result: yes
configure:2728: checking whether make supports nested variables
configure:2745: result: yes
configure:2920: checking for gcc
configure:2936: found /usr/bin/gcc
configure:2947: result: gcc
configure:3176: checking for C compiler version
configure:3185: gcc --version >&5
gcc (Ubuntu 5.2.1-22ubuntu2) 5.2.1 20151010
Copyright (C) 2015 Free Software Foundation, Inc.
This is free software; see the source for copying conditions.  There is NO
warranty; not even for MERCHANTABILITY or FITNESS FOR A PARTICULAR PURPOSE.

configure:3196: $? = 0
configure:3185: gcc -v >&5
Using built-in specs.
COLLECT_GCC=gcc
COLLECT_LTO_WRAPPER=/usr/lib/gcc/arm-linux-gnueabihf/5/lto-wrapper
Target: arm-linux-gnueabihf
Configured with: ../src/configure -v --with-pkgversion='Ubuntu 5.2.1-22ubuntu2' --with-bugurl=file:///usr/share/doc/gcc-5/README.Bugs --enable-languages=c,ada,c++,java,go,d,fortran,objc,obj-c++ --prefix=/usr --program-suffix=-5 --enable-shared --enable-linker-build-id --libexecdir=/usr/lib --without-included-gettext --enable-threads=posix --libdir=/usr/lib --enable-nls --with-sysroot=/ --enable-clocale=gnu --enable-libstdcxx-debug --enable-libstdcxx-time=yes --with-default-libstdcxx-abi=new --enable-gnu-unique-object --disable-libitm --disable-libquadmath --enable-plugin --with-system-zlib --disable-browser-plugin --enable-java-awt=gtk --enable-gtk-cairo --with-java-home=/usr/lib/jvm/java-1.5.0-gcj-5-armhf/jre --enable-java-home --with-jvm-root-dir=/usr/lib/jvm/java-1.5.0-gcj-5-armhf --with-jvm-jar-dir=/usr/lib/jvm-exports/java-1.5.0-gcj-5-armhf --with-arch-directory=arm --with-ecj-jar=/usr/share/java/eclipse-ecj.jar --enable-objc-gc --enable-multiarch --enable-multilib --disable-sjlj-exceptions --with-arch=armv7-a --with-fpu=vfpv3-d16 --with-float=hard --with-mode=thumb --disable-werror --enable-multilib --enable-checking=release --build=arm-linux-gnueabihf --host=arm-linux-gnueabihf --target=arm-linux-gnueabihf
Thread model: posix
gcc version 5.2.1 20151010 (Ubuntu 5.2.1-22ubuntu2) 
configure:3196: $? = 0
configure:3185: gcc -V >&5
gcc: error: unrecognized command line option '-V'
gcc: fatal error: no input files
compilation terminated.
configure:3196: $? = 1
configure:3185: gcc -qversion >&5
gcc: error: unrecognized command line option '-qversion'
gcc: fatal error: no input files
compilation terminated.
configure:3196: $? = 1
configure:3216: checking whether the C compiler works
configure:3238: gcc    conftest.c  >&5
configure:3242: $? = 0
configure:3290: result: yes
configure:3293: checking for C compiler default output file name
configure:3295: result: a.out
configure:3301: checking for suffix of executables
configure:3308: gcc -o conftest    conftest.c  >&5
configure:3312: $? = 0
configure:3334: result: 
configure:3356: checking whether we are cross compiling
configure:3364: gcc -o conftest    conftest.c  >&5
configure:3368: $? = 0
configure:3375: ./conftest
configure:3379: $? = 0
configure:3394: result: no
configure:3399: checking for suffix of object files
configure:3421: gcc -c   conftest.c >&5
configure:3425: $? = 0
configure:3446: result: o
configure:3450: checking whether we are using the GNU C compiler
configure:3469: gcc -c   conftest.c >&5
configure:3469: $? = 0
configure:3478: result: yes
configure:3487: checking whether gcc accepts -g
configure:3507: gcc -c -g  conftest.c >&5
configure:3507: $? = 0
configure:3548: result: yes
configure:3565: checking for gcc option to accept ISO C89
configure:3628: gcc  -c -g -O2  conftest.c >&5
configure:3628: $? = 0
configure:3641: result: none needed
configure:3666: checking whether gcc understands -c and -o together
configure:3688: gcc -c conftest.c -o conftest2.o
configure:3691: $? = 0
configure:3688: gcc -c conftest.c -o conftest2.o
configure:3691: $? = 0
configure:3703: result: yes
configure:3731: checking for style of include used by make
configure:3759: result: GNU
configure:3785: checking dependency style of gcc
configure:3896: result: gcc3
configure:3917: checking how to run the C preprocessor
configure:3948: gcc -E  conftest.c
configure:3948: $? = 0
configure:3962: gcc -E  conftest.c
conftest.c:12:28: fatal error: ac_nonexistent.h: No such file or directory
compilation terminated.
configure:3962: $? = 1
configure: failed program was:
| /* confdefs.h */
| #define PACKAGE_NAME "openflow"
| #define PACKAGE_TARNAME "openflow"
| #define PACKAGE_VERSION "1.0.0"
| #define PACKAGE_STRING "openflow 1.0.0"
| #define PACKAGE_BUGREPORT "openflow-discuss@openflowswitch.org"
| #define PACKAGE_URL ""
| #define BUILDNR ""
| #define PACKAGE "openflow"
| #define VERSION "1.0.0"
| /* end confdefs.h.  */
| #include <ac_nonexistent.h>
configure:3987: result: gcc -E
configure:4007: gcc -E  conftest.c
configure:4007: $? = 0
configure:4021: gcc -E  conftest.c
conftest.c:12:28: fatal error: ac_nonexistent.h: No such file or directory
compilation terminated.
configure:4021: $? = 1
configure: failed program was:
| /* confdefs.h */
| #define PACKAGE_NAME "openflow"
| #define PACKAGE_TARNAME "openflow"
| #define PACKAGE_VERSION "1.0.0"
| #define PACKAGE_STRING "openflow 1.0.0"
| #define PACKAGE_BUGREPORT "openflow-discuss@openflowswitch.org"
| #define PACKAGE_URL ""
| #define BUILDNR ""
| #define PACKAGE "openflow"
| #define VERSION "1.0.0"
| /* end confdefs.h.  */
| #include <ac_nonexistent.h>
configure:4092: checking for ranlib
configure:4108: found /usr/bin/ranlib
configure:4119: result: ranlib
configure:4146: checking for perl
configure:4164: found /usr/bin/perl
configure:4177: result: /usr/bin/perl
configure:4191: checking for grep that handles long lines and -e
configure:4249: result: /bin/grep
configure:4254: checking for egrep
configure:4316: result: /bin/grep -E
configure:4321: checking for ANSI C header files
configure:4341: gcc -c -g -O2  conftest.c >&5
configure:4341: $? = 0
configure:4414: gcc -o conftest -g -O2   conftest.c  >&5
configure:4414: $? = 0
configure:4414: ./conftest
configure:4414: $? = 0
configure:4425: result: yes
configure:4438: checking for sys/types.h
configure:4438: gcc -c -g -O2  conftest.c >&5
configure:4438: $? = 0
configure:4438: result: yes
configure:4438: checking for sys/stat.h
configure:4438: gcc -c -g -O2  conftest.c >&5
configure:4438: $? = 0
configure:4438: result: yes
configure:4438: checking for stdlib.h
configure:4438: gcc -c -g -O2  conftest.c >&5
configure:4438: $? = 0
configure:4438: result: yes
configure:4438: checking for string.h
configure:4438: gcc -c -g -O2  conftest.c >&5
configure:4438: $? = 0
configure:4438: result: yes
configure:4438: checking for memory.h
configure:4438: gcc -c -g -O2  conftest.c >&5
configure:4438: $? = 0
configure:4438: result: yes
configure:4438: checking for strings.h
configure:4438: gcc -c -g -O2  conftest.c >&5
configure:4438: $? = 0
configure:4438: result: yes
configure:4438: checking for inttypes.h
configure:4438: gcc -c -g -O2  conftest.c >&5
configure:4438: $? = 0
configure:4438: result: yes
configure:4438: checking for stdint.h
configure:4438: gcc -c -g -O2  conftest.c >&5
configure:4438: $? = 0
configure:4438: result: yes
configure:4438: checking for unistd.h
configure:4438: gcc -c -g -O2  conftest.c >&5
configure:4438: $? = 0
configure:4438: result: yes
configure:4451: checking minix/config.h usability
configure:4451: gcc -c -g -O2  conftest.c >&5
conftest.c:55:26: fatal error: minix/config.h: No such file or directory
compilation terminated.
configure:4451: $? = 1
configure: failed program was:
| /* confdefs.h */
| #define PACKAGE_NAME "openflow"
| #define PACKAGE_TARNAME "openflow"
| #define PACKAGE_VERSION "1.0.0"
| #define PACKAGE_STRING "openflow 1.0.0"
| #define PACKAGE_BUGREPORT "openflow-discuss@openflowswitch.org"
| #define PACKAGE_URL ""
| #define BUILDNR ""
| #define PACKAGE "openflow"
| #define VERSION "1.0.0"
| #define STDC_HEADERS 1
| #define HAVE_SYS_TYPES_H 1
| #define HAVE_SYS_STAT_H 1
| #define HAVE_STDLIB_H 1
| #define HAVE_STRING_H 1
| #define HAVE_MEMORY_H 1
| #define HAVE_STRINGS_H 1
| #define HAVE_INTTYPES_H 1
| #define HAVE_STDINT_H 1
| #define HAVE_UNISTD_H 1
| /* end confdefs.h.  */
| #include <stdio.h>
| #ifdef HAVE_SYS_TYPES_H
| # include <sys/types.h>
| #endif
| #ifdef HAVE_SYS_STAT_H
| # include <sys/stat.h>
| #endif
| #ifdef STDC_HEADERS
| # include <stdlib.h>
| # include <stddef.h>
| #else
| # ifdef HAVE_STDLIB_H
| #  include <stdlib.h>
| # endif
| #endif
| #ifdef HAVE_STRING_H
| # if !defined STDC_HEADERS && defined HAVE_MEMORY_H
| #  include <memory.h>
| # endif
| # include <string.h>
| #endif
| #ifdef HAVE_STRINGS_H
| # include <strings.h>
| #endif
| #ifdef HAVE_INTTYPES_H
| # include <inttypes.h>
| #endif
| #ifdef HAVE_STDINT_H
| # include <stdint.h>
| #endif
| #ifdef HAVE_UNISTD_H
| # include <unistd.h>
| #endif
| #include <minix/config.h>
configure:4451: result: no
configure:4451: checking minix/config.h presence
configure:4451: gcc -E  conftest.c
conftest.c:22:26: fatal error: minix/config.h: No such file or directory
compilation terminated.
configure:4451: $? = 1
configure: failed program was:
| /* confdefs.h */
| #define PACKAGE_NAME "openflow"
| #define PACKAGE_TARNAME "openflow"
| #define PACKAGE_VERSION "1.0.0"
| #define PACKAGE_STRING "openflow 1.0.0"
| #define PACKAGE_BUGREPORT "openflow-discuss@openflowswitch.org"
| #define PACKAGE_URL ""
| #define BUILDNR ""
| #define PACKAGE "openflow"
| #define VERSION "1.0.0"
| #define STDC_HEADERS 1
| #define HAVE_SYS_TYPES_H 1
| #define HAVE_SYS_STAT_H 1
| #define HAVE_STDLIB_H 1
| #define HAVE_STRING_H 1
| #define HAVE_MEMORY_H 1
| #define HAVE_STRINGS_H 1
| #define HAVE_INTTYPES_H 1
| #define HAVE_STDINT_H 1
| #define HAVE_UNISTD_H 1
| /* end confdefs.h.  */
| #include <minix/config.h>
configure:4451: result: no
configure:4451: checking for minix/config.h
configure:4451: result: no
configure:4472: checking whether it is safe to define __EXTENSIONS__
configure:4490: gcc -c -g -O2  conftest.c >&5
configure:4490: $? = 0
configure:4497: result: yes
configure:4530: checking for linux/netlink.h
configure:4530: gcc -c -g -O2  conftest.c >&5
configure:4530: $? = 0
configure:4530: result: yes
configure:4608: checking for pkg-config
configure:4626: found /usr/bin/pkg-config
configure:4638: result: /usr/bin/pkg-config
configure:4663: checking pkg-config is at least version 0.9.0
configure:4666: result: yes
configure:4794: checking for dladdr in -ldl
configure:4819: gcc -o conftest -g -O2   conftest.c -ldl   >&5
configure:4819: $? = 0
configure:4828: result: yes
configure:4835: checking for connect in -lsocket
configure:4860: gcc -o conftest -g -O2   conftest.c -lsocket   >&5
/usr/bin/ld: cannot find -lsocket
collect2: error: ld returned 1 exit status
configure:4860: $? = 1
configure: failed program was:
| /* confdefs.h */
| #define PACKAGE_NAME "openflow"
| #define PACKAGE_TARNAME "openflow"
| #define PACKAGE_VERSION "1.0.0"
| #define PACKAGE_STRING "openflow 1.0.0"
| #define PACKAGE_BUGREPORT "openflow-discuss@openflowswitch.org"
| #define PACKAGE_URL ""
| #define BUILDNR ""
| #define PACKAGE "openflow"
| #define VERSION "1.0.0"
| #define STDC_HEADERS 1
| #define HAVE_SYS_TYPES_H 1
| #define HAVE_SYS_STAT_H 1
| #define HAVE_STDLIB_H 1
| #define HAVE_STRING_H 1
| #define HAVE_MEMORY_H 1
| #define HAVE_STRINGS_H 1
| #define HAVE_INTTYPES_H 1
| #define HAVE_STDINT_H 1
| #define HAVE_UNISTD_H 1
| #define __EXTENSIONS__ 1
| #define _ALL_SOURCE 1
| #define _GNU_SOURCE 1
| #define _POSIX_PTHREAD_SEMANTICS 1
| #define _TANDEM_SOURCE 1
| #define HAVE_NETLINK 1
| /* end confdefs.h.  */
| 
| /* Override any GCC internal prototype to avoid an error.
|    Use char because int might match the return type of a GCC
|    builtin and then its argument prototype would still apply.  */
| #ifdef __cplusplus
| extern "C"
| #endif
| char connect ();
| int
| main ()
| {
| return connect ();
|   ;
|   return 0;
| }
configure:4869: result: no
configure:4880: checking for library containing gethostbyname
configure:4911: gcc -o conftest -g -O2   conftest.c  >&5
configure:4911: $? = 0
configure:4928: result: none required
configure:4963: checking whether libc supports hooks for malloc and related functions
configure:4982: gcc -c -g -O2  conftest.c >&5
conftest.c: In function 'main':
conftest.c:33:1: warning: '__malloc_hook' is deprecated [-Wdeprecated-declarations]
 (void) __malloc_hook;
 ^
In file included from conftest.c:28:0:
/usr/include/malloc.h:153:39: note: declared here
 extern void *(*__MALLOC_HOOK_VOLATILE __malloc_hook)(size_t __size,
                                       ^
conftest.c:34:11: warning: '__realloc_hook' is deprecated [-Wdeprecated-declarations]
           (void) __realloc_hook;
           ^
In file included from conftest.c:28:0:
/usr/include/malloc.h:156:39: note: declared here
 extern void *(*__MALLOC_HOOK_VOLATILE __realloc_hook)(void *__ptr,
                                       ^
conftest.c:35:11: warning: '__free_hook' is deprecated [-Wdeprecated-declarations]
           (void) __free_hook;
           ^
In file included from conftest.c:28:0:
/usr/include/malloc.h:150:38: note: declared here
 extern void (*__MALLOC_HOOK_VOLATILE __free_hook) (void *__ptr,
                                      ^
configure:4982: $? = 0
configure:4989: result: yes
configure:5008: checking for strlcpy
configure:5008: gcc -o conftest -g -O2   conftest.c  >&5
/tmp/ccAjrXSQ.o: In function `main':
/home/woo/mininet/openflow/conftest.c:63: undefined reference to `strlcpy'
collect2: error: ld returned 1 exit status
configure:5008: $? = 1
configure: failed program was:
| /* confdefs.h */
| #define PACKAGE_NAME "openflow"
| #define PACKAGE_TARNAME "openflow"
| #define PACKAGE_VERSION "1.0.0"
| #define PACKAGE_STRING "openflow 1.0.0"
| #define PACKAGE_BUGREPORT "openflow-discuss@openflowswitch.org"
| #define PACKAGE_URL ""
| #define BUILDNR ""
| #define PACKAGE "openflow"
| #define VERSION "1.0.0"
| #define STDC_HEADERS 1
| #define HAVE_SYS_TYPES_H 1
| #define HAVE_SYS_STAT_H 1
| #define HAVE_STDLIB_H 1
| #define HAVE_STRING_H 1
| #define HAVE_MEMORY_H 1
| #define HAVE_STRINGS_H 1
| #define HAVE_INTTYPES_H 1
| #define HAVE_STDINT_H 1
| #define HAVE_UNISTD_H 1
| #define __EXTENSIONS__ 1
| #define _ALL_SOURCE 1
| #define _GNU_SOURCE 1
| #define _POSIX_PTHREAD_SEMANTICS 1
| #define _TANDEM_SOURCE 1
| #define HAVE_NETLINK 1
| #define HAVE_MALLOC_HOOKS 1
| /* end confdefs.h.  */
| /* Define strlcpy to an innocuous variant, in case <limits.h> declares strlcpy.
|    For example, HP-UX 11i <limits.h> declares gettimeofday.  */
| #define strlcpy innocuous_strlcpy
| 
| /* System header to define __stub macros and hopefully few prototypes,
|     which can conflict with char strlcpy (); below.
|     Prefer <limits.h> to <assert.h> if __STDC__ is defined, since
|     <limits.h> exists even on freestanding compilers.  */
| 
| #ifdef __STDC__
| # include <limits.h>
| #else
| # include <assert.h>
| #endif
| 
| #undef strlcpy
| 
| /* Override any GCC internal prototype to avoid an error.
|    Use char because int might match the return type of a GCC
|    builtin and then its argument prototype would still apply.  */
| #ifdef __cplusplus
| extern "C"
| #endif
| char strlcpy ();
| /* The GNU C library defines this for functions which it implements
|     to always fail with ENOSYS.  Some functions are actually named
|     something starting with __ and the normal name is an alias.  */
| #if defined __stub_strlcpy || defined __stub___strlcpy
| choke me
| #endif
| 
| int
| main ()
| {
| return strlcpy ();
|   ;
|   return 0;
| }
configure:5008: result: no
configure:5017: checking net/if_packet.h usability
configure:5017: gcc -c -g -O2  conftest.c >&5
configure:5017: $? = 0
configure:5017: result: yes
configure:5017: checking net/if_packet.h presence
configure:5017: gcc -E  conftest.c
configure:5017: $? = 0
configure:5017: result: yes
configure:5017: checking for net/if_packet.h
configure:5017: result: yes
configure:5194: checking for special C compiler options needed for large files
configure:5239: result: no
configure:5245: checking for _FILE_OFFSET_BITS value needed for large files
configure:5270: gcc -c -g -O2  conftest.c >&5
conftest.c:36:7: error: size of array 'off_t_is_large' is negative
   int off_t_is_large[(LARGE_OFF_T % 2147483629 == 721
       ^
configure:5270: $? = 1
configure: failed program was:
| /* confdefs.h */
| #define PACKAGE_NAME "openflow"
| #define PACKAGE_TARNAME "openflow"
| #define PACKAGE_VERSION "1.0.0"
| #define PACKAGE_STRING "openflow 1.0.0"
| #define PACKAGE_BUGREPORT "openflow-discuss@openflowswitch.org"
| #define PACKAGE_URL ""
| #define BUILDNR ""
| #define PACKAGE "openflow"
| #define VERSION "1.0.0"
| #define STDC_HEADERS 1
| #define HAVE_SYS_TYPES_H 1
| #define HAVE_SYS_STAT_H 1
| #define HAVE_STDLIB_H 1
| #define HAVE_STRING_H 1
| #define HAVE_MEMORY_H 1
| #define HAVE_STRINGS_H 1
| #define HAVE_INTTYPES_H 1
| #define HAVE_STDINT_H 1
| #define HAVE_UNISTD_H 1
| #define __EXTENSIONS__ 1
| #define _ALL_SOURCE 1
| #define _GNU_SOURCE 1
| #define _POSIX_PTHREAD_SEMANTICS 1
| #define _TANDEM_SOURCE 1
| #define HAVE_NETLINK 1
| #define HAVE_MALLOC_HOOKS 1
| #define HAVE_IF_PACKET 1
| /* end confdefs.h.  */
| #include <sys/types.h>
|  /* Check that off_t can represent 2**63 - 1 correctly.
|     We can't simply define LARGE_OFF_T to be 9223372036854775807,
|     since some C++ compilers masquerading as C compilers
|     incorrectly reject 9223372036854775807.  */
| #define LARGE_OFF_T ((((off_t) 1 << 31) << 31) - 1 + (((off_t) 1 << 31) << 31))
|   int off_t_is_large[(LARGE_OFF_T % 2147483629 == 721
| 		       && LARGE_OFF_T % 2147483647 == 1)
| 		      ? 1 : -1];
| int
| main ()
| {
| 
|   ;
|   return 0;
| }
configure:5294: gcc -c -g -O2  conftest.c >&5
configure:5294: $? = 0
configure:5302: result: 64
configure:5390: checking for strsignal
configure:5390: gcc -o conftest -g -O2   conftest.c  >&5
configure:5390: $? = 0
configure:5390: result: yes
configure:5406: checking for dpkg-buildpackage
configure:5422: found /usr/bin/dpkg-buildpackage
configure:5434: result: yes
configure:5452: checking whether gcc accepts -Wall
configure:5470: gcc -c -g -O2 -Wall  conftest.c >&5
configure:5470: $? = 0
configure:5478: result: yes
configure:5487: checking whether gcc accepts -Wno-sign-compare
configure:5505: gcc -c -g -O2 -Wall -Wno-sign-compare  conftest.c >&5
configure:5505: $? = 0
configure:5513: result: yes
configure:5522: checking whether gcc accepts -Wpointer-arith
configure:5540: gcc -c -g -O2 -Wall -Wno-sign-compare -Wpointer-arith  conftest.c >&5
configure:5540: $? = 0
configure:5548: result: yes
configure:5557: checking whether gcc accepts -Wdeclaration-after-statement
configure:5575: gcc -c -g -O2 -Wall -Wno-sign-compare -Wpointer-arith -Wdeclaration-after-statement  conftest.c >&5
configure:5575: $? = 0
configure:5583: result: yes
configure:5592: checking whether gcc accepts -Wformat-security
configure:5610: gcc -c -g -O2 -Wall -Wno-sign-compare -Wpointer-arith -Wdeclaration-after-statement -Wformat-security  conftest.c >&5
configure:5610: $? = 0
configure:5618: result: yes
configure:5627: checking whether gcc accepts -Wswitch-enum
configure:5645: gcc -c -g -O2 -Wall -Wno-sign-compare -Wpointer-arith -Wdeclaration-after-statement -Wformat-security -Wswitch-enum  conftest.c >&5
configure:5645: $? = 0
configure:5653: result: yes
configure:5662: checking whether gcc accepts -Wunused-parameter
configure:5680: gcc -c -g -O2 -Wall -Wno-sign-compare -Wpointer-arith -Wdeclaration-after-statement -Wformat-security -Wswitch-enum -Wunused-parameter  conftest.c >&5
configure:5680: $? = 0
configure:5688: result: yes
configure:5697: checking whether gcc accepts -Wstrict-aliasing
configure:5715: gcc -c -g -O2 -Wall -Wno-sign-compare -Wpointer-arith -Wdeclaration-after-statement -Wformat-security -Wswitch-enum -Wunused-parameter -Wstrict-aliasing  conftest.c >&5
configure:5715: $? = 0
configure:5723: result: yes
configure:5732: checking whether gcc accepts -Wbad-function-cast
configure:5750: gcc -c -g -O2 -Wall -Wno-sign-compare -Wpointer-arith -Wdeclaration-after-statement -Wformat-security -Wswitch-enum -Wunused-parameter -Wstrict-aliasing -Wbad-function-cast  conftest.c >&5
configure:5750: $? = 0
configure:5758: result: yes
configure:5767: checking whether gcc accepts -Wcast-align
configure:5785: gcc -c -g -O2 -Wall -Wno-sign-compare -Wpointer-arith -Wdeclaration-after-statement -Wformat-security -Wswitch-enum -Wunused-parameter -Wstrict-aliasing -Wbad-function-cast -Wcast-align  conftest.c >&5
configure:5785: $? = 0
configure:5793: result: yes
configure:5802: checking whether gcc accepts -Wstrict-prototypes
configure:5820: gcc -c -g -O2 -Wall -Wno-sign-compare -Wpointer-arith -Wdeclaration-after-statement -Wformat-security -Wswitch-enum -Wunused-parameter -Wstrict-aliasing -Wbad-function-cast -Wcast-align -Wstrict-prototypes  conftest.c >&5
conftest.c:34:1: warning: function declaration isn't a prototype [-Wstrict-prototypes]
 main ()
 ^
configure:5820: $? = 0
configure:5828: result: yes
configure:5837: checking whether gcc accepts -Wold-style-definition
configure:5855: gcc -c -g -O2 -Wall -Wno-sign-compare -Wpointer-arith -Wdeclaration-after-statement -Wformat-security -Wswitch-enum -Wunused-parameter -Wstrict-aliasing -Wbad-function-cast -Wcast-align -Wstrict-prototypes -Wold-style-definition  conftest.c >&5
conftest.c:34:1: warning: function declaration isn't a prototype [-Wstrict-prototypes]
 main ()
 ^
conftest.c: In function 'main':
conftest.c:34:1: warning: old-style function definition [-Wold-style-definition]
configure:5855: $? = 0
configure:5863: result: yes
configure:5872: checking whether gcc accepts -Wmissing-prototypes
configure:5890: gcc -c -g -O2 -Wall -Wno-sign-compare -Wpointer-arith -Wdeclaration-after-statement -Wformat-security -Wswitch-enum -Wunused-parameter -Wstrict-aliasing -Wbad-function-cast -Wcast-align -Wstrict-prototypes -Wold-style-definition -Wmissing-prototypes  conftest.c >&5
conftest.c:34:1: warning: function declaration isn't a prototype [-Wstrict-prototypes]
 main ()
 ^
conftest.c: In function 'main':
conftest.c:34:1: warning: old-style function definition [-Wold-style-definition]
configure:5890: $? = 0
configure:5898: result: yes
configure:5907: checking whether gcc accepts -Wmissing-field-initializers
configure:5925: gcc -c -g -O2 -Wall -Wno-sign-compare -Wpointer-arith -Wdeclaration-after-statement -Wformat-security -Wswitch-enum -Wunused-parameter -Wstrict-aliasing -Wbad-function-cast -Wcast-align -Wstrict-prototypes -Wold-style-definition -Wmissing-prototypes -Wmissing-field-initializers  conftest.c >&5
conftest.c:34:1: warning: function declaration isn't a prototype [-Wstrict-prototypes]
 main ()
 ^
conftest.c: In function 'main':
conftest.c:34:1: warning: old-style function definition [-Wold-style-definition]
configure:5925: $? = 0
configure:5933: result: yes
configure:5942: checking whether gcc accepts -Wno-override-init
configure:5960: gcc -c -g -O2 -Wall -Wno-sign-compare -Wpointer-arith -Wdeclaration-after-statement -Wformat-security -Wswitch-enum -Wunused-parameter -Wstrict-aliasing -Wbad-function-cast -Wcast-align -Wstrict-prototypes -Wold-style-definition -Wmissing-prototypes -Wmissing-field-initializers -Wno-override-init  conftest.c >&5
conftest.c:34:1: warning: function declaration isn't a prototype [-Wstrict-prototypes]
 main ()
 ^
conftest.c: In function 'main':
conftest.c:34:1: warning: old-style function definition [-Wold-style-definition]
configure:5960: $? = 0
configure:5968: result: yes
configure:6096: checking that generated files are newer than configure
configure:6102: result: done
configure:6165: creating ./config.status

## ---------------------- ##
## Running config.status. ##
## ---------------------- ##

This file was extended by openflow config.status 1.0.0, which was
generated by GNU Autoconf 2.69.  Invocation command line was

  CONFIG_FILES    = 
  CONFIG_HEADERS  = 
  CONFIG_LINKS    = 
  CONFIG_COMMANDS = 
  $ ./config.status 

on woo-PI

config.status:900: creating Makefile
config.status:900: creating config.h
config.status:1129: executing depfiles commands

## ---------------- ##
## Cache variables. ##
## ---------------- ##

ac_cv_c_compiler_gnu=yes
ac_cv_env_CC_set=
ac_cv_env_CC_value=
ac_cv_env_CFLAGS_set=
ac_cv_env_CFLAGS_value=
ac_cv_env_CPPFLAGS_set=
ac_cv_env_CPPFLAGS_value=
ac_cv_env_CPP_set=
ac_cv_env_CPP_value=
ac_cv_env_KARCH_set=
ac_cv_env_KARCH_value=
ac_cv_env_LDFLAGS_set=
ac_cv_env_LDFLAGS_value=
ac_cv_env_LIBS_set=
ac_cv_env_LIBS_value=
ac_cv_env_PERL_set=
ac_cv_env_PERL_value=
ac_cv_env_PKG_CONFIG_LIBDIR_set=
ac_cv_env_PKG_CONFIG_LIBDIR_value=
ac_cv_env_PKG_CONFIG_PATH_set=
ac_cv_env_PKG_CONFIG_PATH_value=
ac_cv_env_PKG_CONFIG_set=
ac_cv_env_PKG_CONFIG_value=
ac_cv_env_SSL_CFLAGS_set=
ac_cv_env_SSL_CFLAGS_value=
ac_cv_env_SSL_LIBS_set=
ac_cv_env_SSL_LIBS_value=
ac_cv_env_build_alias_set=
ac_cv_env_build_alias_value=
ac_cv_env_host_alias_set=
ac_cv_env_host_alias_value=
ac_cv_env_target_alias_set=
ac_cv_env_target_alias_value=
ac_cv_func_strlcpy=no
ac_cv_func_strsignal=yes
ac_cv_header_inttypes_h=yes
ac_cv_header_linux_netlink_h=yes
ac_cv_header_memory_h=yes
ac_cv_header_minix_config_h=no
ac_cv_header_net_if_packet_h=yes
ac_cv_header_stdc=yes
ac_cv_header_stdint_h=yes
ac_cv_header_stdlib_h=yes
ac_cv_header_string_h=yes
ac_cv_header_strings_h=yes
ac_cv_header_sys_stat_h=yes
ac_cv_header_sys_types_h=yes
ac_cv_header_unistd_h=yes
ac_cv_lib_dl_dladdr=yes
ac_cv_lib_socket_connect=no
ac_cv_objext=o
ac_cv_path_EGREP='/bin/grep -E'
ac_cv_path_GREP=/bin/grep
ac_cv_path_PERL=/usr/bin/perl
ac_cv_path_ac_pt_PKG_CONFIG=/usr/bin/pkg-config
ac_cv_path_install='/usr/bin/install -c'
ac_cv_path_mkdir=/bin/mkdir
ac_cv_prog_AWK=gawk
ac_cv_prog_CPP='gcc -E'
ac_cv_prog_HAVE_DPKG_BUILDPACKAGE=yes
ac_cv_prog_ac_ct_CC=gcc
ac_cv_prog_ac_ct_RANLIB=ranlib
ac_cv_prog_cc_c89=
ac_cv_prog_cc_g=yes
ac_cv_prog_make_make_set=yes
ac_cv_safe_to_define___extensions__=yes
ac_cv_search_gethostbyname='none required'
ac_cv_sys_file_offset_bits=64
ac_cv_sys_largefile_CC=no
am_cv_CC_dependencies_compiler_type=gcc3
am_cv_make_support_nested_variables=yes
am_cv_prog_cc_c_o=yes
ofp_cv__Wall=yes
ofp_cv__Wbad_function_cast=yes
ofp_cv__Wcast_align=yes
ofp_cv__Wdeclaration_after_statement=yes
ofp_cv__Wformat_security=yes
ofp_cv__Wmissing_field_initializers=yes
ofp_cv__Wmissing_prototypes=yes
ofp_cv__Wno_override_init=yes
ofp_cv__Wno_sign_compare=yes
ofp_cv__Wold_style_definition=yes
ofp_cv__Wpointer_arith=yes
ofp_cv__Wstrict_aliasing=yes
ofp_cv__Wstrict_prototypes=yes
ofp_cv__Wswitch_enum=yes
ofp_cv__Wunused_parameter=yes
ofp_cv_malloc_hooks=yes

## ----------------- ##
## Output variables. ##
## ----------------- ##

ACLOCAL='${SHELL} /home/woo/mininet/openflow/build-aux/missing aclocal-1.15'
AMDEPBACKSLASH='\'
AMDEP_FALSE='#'
AMDEP_TRUE=''
AMTAR='$${TAR-tar}'
AM_BACKSLASH='\'
AM_DEFAULT_V='$(AM_DEFAULT_VERBOSITY)'
AM_DEFAULT_VERBOSITY='1'
AM_V='$(V)'
AUTOCONF='${SHELL} /home/woo/mininet/openflow/build-aux/missing autoconf'
AUTOHEADER='${SHELL} /home/woo/mininet/openflow/build-aux/missing autoheader'
AUTOMAKE='${SHELL} /home/woo/mininet/openflow/build-aux/missing automake-1.15'
AWK='gawk'
BUILDNR='0'
BUILD_HW_LIBS_FALSE=''
BUILD_HW_LIBS_TRUE='#'
CC='gcc'
CCDEPMODE='depmode=gcc3'
CFLAGS='-g -O2 -Wall -Wno-sign-compare -Wpointer-arith -Wdeclaration-after-statement -Wformat-security -Wswitch-enum -Wunused-parameter -Wstrict-aliasing -Wbad-function-cast -Wcast-align -Wstrict-prototypes -Wold-style-definition -Wmissing-prototypes -Wmissing-field-initializers -Wno-override-init'
CPP='gcc -E'
CPPFLAGS=''
CYGPATH_W='echo'
DEFS='-DHAVE_CONFIG_H'
DEPDIR='.deps'
ECHO_C=''
ECHO_N='-n'
ECHO_T=''
EGREP='/bin/grep -E'
EXEEXT=''
FAULT_LIBS='-ldl'
GREP='/bin/grep'
HAVE_DPKG_BUILDPACKAGE='yes'
HAVE_DPKG_BUILDPACKAGE_FALSE='#'
HAVE_DPKG_BUILDPACKAGE_TRUE=''
HAVE_IF_PACKET_FALSE='#'
HAVE_IF_PACKET_TRUE=''
HAVE_NETLINK_FALSE='#'
HAVE_NETLINK_TRUE=''
HAVE_OPENSSL_FALSE=''
HAVE_OPENSSL_TRUE='#'
HW_LIB=''
HW_TABLES=''
INSTALL_DATA='${INSTALL} -m 644'
INSTALL_PROGRAM='${INSTALL}'
INSTALL_SCRIPT='${INSTALL}'
INSTALL_STRIP_PROGRAM='$(install_sh) -c -s'
KARCH=''
LB4G_FALSE=''
LB4G_TRUE='#'
LDFLAGS=''
LIBOBJS=''
LIBS=''
LOGDIR='${localstatedir}/log/${PACKAGE}'
LTLIBOBJS=''
MAKEINFO='${SHELL} /home/woo/mininet/openflow/build-aux/missing makeinfo'
MKDIR_P='/bin/mkdir -p'
NDEBUG_FALSE=''
NDEBUG_TRUE='#'
NF2_FALSE=''
NF2_TRUE='#'
OBJEXT='o'
PACKAGE='openflow'
PACKAGE_BUGREPORT='openflow-discuss@openflowswitch.org'
PACKAGE_NAME='openflow'
PACKAGE_STRING='openflow 1.0.0'
PACKAGE_TARNAME='openflow'
PACKAGE_URL=''
PACKAGE_VERSION='1.0.0'
PATH_SEPARATOR=':'
PERL='/usr/bin/perl'
PKG_CONFIG='/usr/bin/pkg-config'
PKG_CONFIG_LIBDIR=''
PKG_CONFIG_PATH=''
PKIDIR='${pkgdatadir}/pki'
RANLIB='ranlib'
RUNDIR='${localstatedir}/run'
SCORREF_FALSE=''
SCORREF_TRUE='#'
SET_MAKE=''
SHELL='/bin/bash'
SSL_CFLAGS=''
SSL_LIBS=''
STRIP=''
T2REF_FALSE=''
T2REF_TRUE='#'
VERSION='1.0.0'
ac_ct_CC='gcc'
am__EXEEXT_FALSE=''
am__EXEEXT_TRUE='#'
am__fastdepCC_FALSE='#'
am__fastdepCC_TRUE=''
am__include='include'
am__isrc=''
am__leading_dot='.'
am__nodep='_no'
am__quote=''
am__tar='$${TAR-tar} chof - "$$tardir"'
am__untar='$${TAR-tar} xf -'
bindir='${exec_prefix}/bin'
build_alias=''
datadir='${datarootdir}'
datarootdir='${prefix}/share'
docdir='${datarootdir}/doc/${PACKAGE_TARNAME}'
dvidir='${docdir}'
exec_prefix='${prefix}'
host_alias=''
htmldir='${docdir}'
includedir='${prefix}/include'
infodir='${datarootdir}/info'
install_sh='${SHELL} /home/woo/mininet/openflow/build-aux/install-sh'
libdir='${exec_prefix}/lib'
libexecdir='${exec_prefix}/libexec'
localedir='${datarootdir}/locale'
localstatedir='${prefix}/var'
mandir='${datarootdir}/man'
mkdir_p='$(MKDIR_P)'
oldincludedir='/usr/include'
pdfdir='${docdir}'
prefix='/usr/local'
program_transform_name='s,x,x,'
psdir='${docdir}'
sbindir='${exec_prefix}/sbin'
sharedstatedir='${prefix}/com'
sysconfdir='${prefix}/etc'
target_alias=''

## ----------- ##
## confdefs.h. ##
## ----------- ##

/* confdefs.h */
#define PACKAGE_NAME "openflow"
#define PACKAGE_TARNAME "openflow"
#define PACKAGE_VERSION "1.0.0"
#define PACKAGE_STRING "openflow 1.0.0"
#define PACKAGE_BUGREPORT "openflow-discuss@openflowswitch.org"
#define PACKAGE_URL ""
#define BUILDNR ""
#define PACKAGE "openflow"
#define VERSION "1.0.0"
#define STDC_HEADERS 1
#define HAVE_SYS_TYPES_H 1
#define HAVE_SYS_STAT_H 1
#define HAVE_STDLIB_H 1
#define HAVE_STRING_H 1
#define HAVE_MEMORY_H 1
#define HAVE_STRINGS_H 1
#define HAVE_INTTYPES_H 1
#define HAVE_STDINT_H 1
#define HAVE_UNISTD_H 1
#define __EXTENSIONS__ 1
#define _ALL_SOURCE 1
#define _GNU_SOURCE 1
#define _POSIX_PTHREAD_SEMANTICS 1
#define _TANDEM_SOURCE 1
#define HAVE_NETLINK 1
#define HAVE_MALLOC_HOOKS 1
#define HAVE_IF_PACKET 1
#define _FILE_OFFSET_BITS 64
#define HAVE_STRSIGNAL 1

configure: exit 0
